[LOG] System::create                           : Header version = 2.02.09. Current version = 2.02.09.
[LOG] Manager::init                            : maxchannels = 256 studioflags = 00000006 flags 00000000 extradriverdata 0000000000000000.
[LOG] SystemI::init                            : Initialize version=20209 (128289), maxchannels=256, flags=0x00020000
[LOG] SystemI::setOutputInternal               : Setting output to 'FMOD WASAPI Output'
[LOG] OutputWASAPI::init                       : Mix Format (WAVEFORMATEX): wFormatTag=0xFFFE, nChannels=2, nSamplesPerSec=48000, nAvgBytesPerSec=384000, nBlockAlign=8, wBitsPerSample=32, cbSize=22.
[LOG] OutputWASAPI::init                       : Mix Format (WAVEFORMATEXTENSIBLE): wValidBitsPerSample=32, dwChannelMask=0x00000003, SubFormat=00000003-0000-0010-8000-00AA00389B71.
[LOG] OutputWASAPI::init                       : Output buffer size: 4096 samples, latency: 0.00ms, period: 10.00ms, DSP buffer: 1024 * 4
[LOG] Thread::initThread                       : Init FMOD stream thread. Affinity: 0x4000000000000003, Priority: 0xFFFF7FFB, Stack Size: 98304, Semaphore: No, Sleep Time: 10, Looping: Yes.
[LOG] Thread::initThread                       : Init FMOD mixer thread. Affinity: 0x4000000000000001, Priority: 0xFFFF7FFA, Stack Size: 81920, Semaphore: No, Sleep Time: 0, Looping: Yes.
[LOG] AsyncManager::init                       : manager 000002907D735618 isAsync 0 updatePeriod 0.02
[LOG] AsyncManager::init                       : done
[LOG] PlaybackSystem::init                     : 
[LOG] Thread::initThread                       : Init FMOD Studio sample load thread. Affinity: 0x4000000000000003, Priority: 0xFFFF7FFD, Stack Size: 98304, Semaphore: No, Sleep Time: 1, Looping: No.
[LOG] PlaybackSystem::init                     : done
[LOG] Thread::initThread                       : Init FMOD Studio bank load thread. Affinity: 0x4000000000000003, Priority: 0xFFFF7FFD, Stack Size: 98304, Semaphore: No, Sleep Time: 1, Looping: No.
[LOG] Manager::init                            : done.
[LOG] Manager::readBank                        : fileversion = 125, compatVersion = 119 (oldest = 44, newest = 142)
[LOG] Manager::readBank                        : fileversion = 125, compatVersion = 119 (oldest = 44, newest = 142)
[LOG] PlaybackSystem::acquireMasterBus         : Setting master channel group format to 6
[LOG] Manager::readBank                        : fileversion = 125, compatVersion = 119 (oldest = 44, newest = 142)
[LOG] Manager::readBank                        : fileversion = 125, compatVersion = 119 (oldest = 44, newest = 142)
[LOG] PlaybackSystem::acquireMasterBus         : Setting master channel group format to 6
[LOG] SystemI::createSoundInternal             : Create name='', mode=0x02000202
[LOG] SystemI::createSoundInternal             : exinfo->cbsize             = 224
[LOG] SystemI::createSoundInternal             : exinfo->length             = 59170848
[LOG] SystemI::createSoundInternal             : exinfo->fileoffset         = 91168
[LOG] SystemI::createSoundInternal             : exinfo->numsubsounds       = 1
[LOG] SystemI::createSoundInternal             : exinfo->inclusionlist      = 000000E5F09AF4F8
[LOG] SystemI::createSoundInternal             : exinfo->inclusionlistnum   = 1
[LOG] SystemI::createSoundInternal             : exinfo->suggestedsoundtype = 5
[LOG] SystemI::createSoundInternal             : exinfo->useropen           = 00007FFB62E433C0
[LOG] SystemI::createSoundInternal             : exinfo->userclose          = 00007FFB62E43380
[LOG] SystemI::createSoundInternal             : exinfo->userread           = 00007FFB62E434A0
[LOG] SystemI::createSoundInternal             : exinfo->userseek           = 00007FFB62E43560
[LOG] SystemI::createSoundInternal             : exinfo->fileuserdata       = 0000028F53C88888
[LOG] SystemI::createSoundInternal             : exinfo->initialseekpostype = 1
[LOG] SystemI::DSPCodecPoolRegister            : register codec pool for pool type 5
[LOG] SystemI::createSoundInternal             : Sample 0/1: name='MUS_Act1_Battle1_low_Basses_142_4-4_L48-P0', format=5, channels=2, frequency=48000, lengthbytes=3180160, lengthpcm=4218592, pcmblocksize=0, loopstart=0, loopend=0, mode=0x00000000, channelmask=0x00000000, channelorder=0, peakvolume=0.659375.
[LOG] SystemI::createSoundInternal             : Create name='', mode=0x02000202
[LOG] SystemI::createSoundInternal             : exinfo->cbsize             = 224
[LOG] SystemI::createSoundInternal             : exinfo->length             = 59170848
[LOG] SystemI::createSoundInternal             : exinfo->fileoffset         = 91168
[LOG] SystemI::createSoundInternal             : exinfo->numsubsounds       = 1
[LOG] SystemI::createSoundInternal             : exinfo->inclusionlist      = 000000E5F09AF4F8
[LOG] SystemI::createSoundInternal             : exinfo->inclusionlistnum   = 1
[LOG] SystemI::createSoundInternal             : exinfo->suggestedsoundtype = 5
[LOG] SystemI::createSoundInternal             : exinfo->useropen           = 00007FFB62E433C0
[LOG] SystemI::createSoundInternal             : exinfo->userclose          = 00007FFB62E43380
[LOG] SystemI::createSoundInternal             : exinfo->userread           = 00007FFB62E434A0
[LOG] SystemI::createSoundInternal             : exinfo->userseek           = 00007FFB62E43560
[LOG] SystemI::createSoundInternal             : exinfo->fileuserdata       = 0000028F53C88888
[LOG] SystemI::createSoundInternal             : exinfo->initialseekpostype = 1
[LOG] SystemI::DSPCodecPoolRegister            : register codec pool for pool type 5
[LOG] SystemI::createSoundInternal             : Sample 0/1: name='MUS_Act1_Battle1_low_Synths_142_4-4_L48-P0', format=5, channels=2, frequency=48000, lengthbytes=4674496, lengthpcm=4218592, pcmblocksize=0, loopstart=0, loopend=0, mode=0x00000000, channelmask=0x00000000, channelorder=0, peakvolume=0.876839.
[LOG] SystemI::createSoundInternal             : Create name='', mode=0x02000202
[LOG] SystemI::createSoundInternal             : exinfo->cbsize             = 224
[LOG] SystemI::createSoundInternal             : exinfo->length             = 59170848
[LOG] SystemI::createSoundInternal             : exinfo->fileoffset         = 91168
[LOG] SystemI::createSoundInternal             : exinfo->numsubsounds       = 1
[LOG] SystemI::createSoundInternal             : exinfo->inclusionlist      = 000000E5F09AF4F8
[LOG] SystemI::createSoundInternal             : exinfo->inclusionlistnum   = 1
[LOG] SystemI::createSoundInternal             : exinfo->suggestedsoundtype = 5
[LOG] SystemI::createSoundInternal             : exinfo->useropen           = 00007FFB62E433C0
[LOG] SystemI::createSoundInternal             : exinfo->userclose          = 00007FFB62E43380
[LOG] SystemI::createSoundInternal             : exinfo->userread           = 00007FFB62E434A0
[LOG] SystemI::createSoundInternal             : exinfo->userseek           = 00007FFB62E43560
[LOG] SystemI::createSoundInternal             : exinfo->fileuserdata       = 0000028F53C88888
[LOG] SystemI::createSoundInternal             : exinfo->initialseekpostype = 1
[LOG] SystemI::DSPCodecPoolRegister            : register codec pool for pool type 5
[LOG] SystemI::createSoundInternal             : Sample 0/1: name='MUS_Act1_Battle1_low_Other_142_4-4_L48-P0', format=5, channels=2, frequency=48000, lengthbytes=5053216, lengthpcm=4218592, pcmblocksize=0, loopstart=0, loopend=0, mode=0x00000000, channelmask=0x00000000, channelorder=0, peakvolume=0.430693.
[LOG] SystemI::createSoundInternal             : Create name='', mode=0x02000202
[LOG] SystemI::createSoundInternal             : exinfo->cbsize             = 224
[LOG] SystemI::createSoundInternal             : exinfo->length             = 59170848
[LOG] SystemI::createSoundInternal             : exinfo->fileoffset         = 91168
[LOG] SystemI::createSoundInternal             : exinfo->numsubsounds       = 1
[LOG] SystemI::createSoundInternal             : exinfo->inclusionlist      = 000000E5F09AF4F8
[LOG] SystemI::createSoundInternal             : exinfo->inclusionlistnum   = 1
[LOG] SystemI::createSoundInternal             : exinfo->suggestedsoundtype = 5
[LOG] SystemI::createSoundInternal             : exinfo->useropen           = 00007FFB62E433C0
[LOG] SystemI::createSoundInternal             : exinfo->userclose          = 00007FFB62E43380
[LOG] SystemI::createSoundInternal             : exinfo->userread           = 00007FFB62E434A0
[LOG] SystemI::createSoundInternal             : exinfo->userseek           = 00007FFB62E43560
[LOG] SystemI::createSoundInternal             : exinfo->fileuserdata       = 0000028F53C88888
[LOG] SystemI::createSoundInternal             : exinfo->initialseekpostype = 1
[LOG] SystemI::DSPCodecPoolRegister            : register codec pool for pool type 5
[LOG] SystemI::createSoundInternal             : Sample 0/1: name='MUS_Act1_Battle1_high_Basses_142_4-4_L48-P0', format=5, channels=2, frequency=48000, lengthbytes=4649024, lengthpcm=4218592, pcmblocksize=0, loopstart=0, loopend=0, mode=0x00000000, channelmask=0x00000000, channelorder=0, peakvolume=0.999885.
[LOG] SystemI::createSoundInternal             : Create name='', mode=0x02000202
[LOG] SystemI::createSoundInternal             : exinfo->cbsize             = 224
[LOG] SystemI::createSoundInternal             : exinfo->length             = 59170848
[LOG] SystemI::createSoundInternal             : exinfo->fileoffset         = 91168
[LOG] SystemI::createSoundInternal             : exinfo->numsubsounds       = 1
[LOG] SystemI::createSoundInternal             : exinfo->inclusionlist      = 000000E5F09AF4F8
[LOG] SystemI::createSoundInternal             : exinfo->inclusionlistnum   = 1
[LOG] SystemI::createSoundInternal             : exinfo->suggestedsoundtype = 5
[LOG] SystemI::createSoundInternal             : exinfo->useropen           = 00007FFB62E433C0
[LOG] SystemI::createSoundInternal             : exinfo->userclose          = 00007FFB62E43380
[LOG] SystemI::createSoundInternal             : exinfo->userread           = 00007FFB62E434A0
[LOG] SystemI::createSoundInternal             : exinfo->userseek           = 00007FFB62E43560
[LOG] SystemI::createSoundInternal             : exinfo->fileuserdata       = 0000028F53C88888
[LOG] SystemI::createSoundInternal             : exinfo->initialseekpostype = 1
[LOG] SystemI::DSPCodecPoolRegister            : register codec pool for pool type 5
[LOG] SystemI::createSoundInternal             : Sample 0/1: name='Level_Begin', format=5, channels=2, frequency=48000, lengthbytes=200704, lengthpcm=315809, pcmblocksize=0, loopstart=0, loopend=0, mode=0x00000000, channelmask=0x00000000, channelorder=0, peakvolume=0.403455.
[LOG] SystemI::createSoundInternal             : Create name='', mode=0x02000202
[LOG] SystemI::createSoundInternal             : exinfo->cbsize             = 224
[LOG] SystemI::createSoundInternal             : exinfo->length             = 59170848
[LOG] SystemI::createSoundInternal             : exinfo->fileoffset         = 91168
[LOG] SystemI::createSoundInternal             : exinfo->numsubsounds       = 1
[LOG] SystemI::createSoundInternal             : exinfo->inclusionlist      = 000000E5F09AF4F8
[LOG] SystemI::createSoundInternal             : exinfo->inclusionlistnum   = 1
[LOG] SystemI::createSoundInternal             : exinfo->suggestedsoundtype = 5
[LOG] SystemI::createSoundInternal             : exinfo->useropen           = 00007FFB62E433C0
[LOG] SystemI::createSoundInternal             : exinfo->userclose          = 00007FFB62E43380
[LOG] SystemI::createSoundInternal             : exinfo->userread           = 00007FFB62E434A0
[LOG] SystemI::createSoundInternal             : exinfo->userseek           = 00007FFB62E43560
[LOG] SystemI::createSoundInternal             : exinfo->fileuserdata       = 0000028F53C88888
[LOG] SystemI::createSoundInternal             : exinfo->initialseekpostype = 1
[LOG] SystemI::DSPCodecPoolRegister            : register codec pool for pool type 5
[LOG] SystemI::createSoundInternal             : Sample 0/1: name='MUS_Act1_Battle1_high_Other_142_4-4_L48-P0', format=5, channels=2, frequency=48000, lengthbytes=5486592, lengthpcm=4218592, pcmblocksize=0, loopstart=0, loopend=0, mode=0x00000000, channelmask=0x00000000, channelorder=0, peakvolume=0.563351.
[LOG] SystemI::createSoundInternal             : Create name='', mode=0x02000202
[LOG] SystemI::createSoundInternal             : exinfo->cbsize             = 224
[LOG] SystemI::createSoundInternal             : exinfo->length             = 59170848
[LOG] SystemI::createSoundInternal             : exinfo->fileoffset         = 91168
[LOG] SystemI::createSoundInternal             : exinfo->numsubsounds       = 1
[LOG] SystemI::createSoundInternal             : exinfo->inclusionlist      = 000000E5F09AF4F8
[LOG] SystemI::createSoundInternal             : exinfo->inclusionlistnum   = 1
[LOG] SystemI::createSoundInternal             : exinfo->suggestedsoundtype = 5
[LOG] SystemI::createSoundInternal             : exinfo->useropen           = 00007FFB62E433C0
[LOG] SystemI::createSoundInternal             : exinfo->userclose          = 00007FFB62E43380
[LOG] SystemI::createSoundInternal             : exinfo->userread           = 00007FFB62E434A0
[LOG] SystemI::createSoundInternal             : exinfo->userseek           = 00007FFB62E43560
[LOG] SystemI::createSoundInternal             : exinfo->fileuserdata       = 0000028F53C88888
[LOG] SystemI::createSoundInternal             : exinfo->initialseekpostype = 1
[LOG] SystemI::DSPCodecPoolRegister            : register codec pool for pool type 5
[LOG] SystemI::createSoundInternal             : Sample 0/1: name='MUS_Act1_Battle1_low_Drums_142_4-4_L48-P0', format=5, channels=2, frequency=48000, lengthbytes=4958720, lengthpcm=4218592, pcmblocksize=0, loopstart=0, loopend=0, mode=0x00000000, channelmask=0x00000000, channelorder=0, peakvolume=0.999885.
[LOG] SystemI::createSoundInternal             : Create name='', mode=0x02000202
[LOG] SystemI::createSoundInternal             : exinfo->cbsize             = 224
[LOG] SystemI::createSoundInternal             : exinfo->length             = 59170848
[LOG] SystemI::createSoundInternal             : exinfo->fileoffset         = 91168
[LOG] SystemI::createSoundInternal             : exinfo->numsubsounds       = 1
[LOG] SystemI::createSoundInternal             : exinfo->inclusionlist      = 000000E5F09AF4F8
[LOG] SystemI::createSoundInternal             : exinfo->inclusionlistnum   = 1
[LOG] SystemI::createSoundInternal             : exinfo->suggestedsoundtype = 5
[LOG] SystemI::createSoundInternal             : exinfo->useropen           = 00007FFB62E433C0
[LOG] SystemI::createSoundInternal             : exinfo->userclose          = 00007FFB62E43380
[LOG] SystemI::createSoundInternal             : exinfo->userread           = 00007FFB62E434A0
[LOG] SystemI::createSoundInternal             : exinfo->userseek           = 00007FFB62E43560
[LOG] SystemI::createSoundInternal             : exinfo->fileuserdata       = 0000028F53C88888
[LOG] SystemI::createSoundInternal             : exinfo->initialseekpostype = 1
[LOG] SystemI::DSPCodecPoolRegister            : register codec pool for pool type 5
[LOG] SystemI::createSoundInternal             : Sample 0/1: name='MUS_Act1_Battle1_high_Synths_142_4-4_L48-P0', format=5, channels=2, frequency=48000, lengthbytes=4770560, lengthpcm=4218592, pcmblocksize=0, loopstart=0, loopend=0, mode=0x00000000, channelmask=0x00000000, channelorder=0, peakvolume=0.829614.
[LOG] SystemI::createSoundInternal             : Create name='', mode=0x02000202
[LOG] SystemI::createSoundInternal             : exinfo->cbsize             = 224
[LOG] SystemI::createSoundInternal             : exinfo->length             = 59170848
[LOG] SystemI::createSoundInternal             : exinfo->fileoffset         = 91168
[LOG] SystemI::createSoundInternal             : exinfo->numsubsounds       = 1
[LOG] SystemI::createSoundInternal             : exinfo->inclusionlist      = 000000E5F09AF4F8
[LOG] SystemI::createSoundInternal             : exinfo->inclusionlistnum   = 1
[LOG] SystemI::createSoundInternal             : exinfo->suggestedsoundtype = 5
[LOG] SystemI::createSoundInternal             : exinfo->useropen           = 00007FFB62E433C0
[LOG] SystemI::createSoundInternal             : exinfo->userclose          = 00007FFB62E43380
[LOG] SystemI::createSoundInternal             : exinfo->userread           = 00007FFB62E434A0
[LOG] SystemI::createSoundInternal             : exinfo->userseek           = 00007FFB62E43560
[LOG] SystemI::createSoundInternal             : exinfo->fileuserdata       = 0000028F53C88888
[LOG] SystemI::createSoundInternal             : exinfo->initialseekpostype = 1
[LOG] SystemI::DSPCodecPoolRegister            : register codec pool for pool type 5
[LOG] SystemI::createSoundInternal             : Sample 0/1: name='MUS_Act1_Battle1_high_Drums_142_4-4_L48-P0', format=5, channels=2, frequency=48000, lengthbytes=5312832, lengthpcm=4218592, pcmblocksize=0, loopstart=0, loopend=0, mode=0x00000000, channelmask=0x00000000, channelorder=0, peakvolume=0.999885.
[LOG] SoundI::release                          :  (00000290717FBEF8)
[LOG] SoundI::release                          :     MUS_Act1_Battle1_low_Basses_142_4-4_L48-P0 (00000290CA45EDE8)
[LOG] SoundI::release                          :  (00000290717FD8D8)
[LOG] SoundI::release                          :     MUS_Act1_Battle1_low_Other_142_4-4_L48-P0 (00000290CA45F468)
[LOG] SoundI::release                          :  (00000290717FC1D8)
[LOG] SoundI::release                          :     MUS_Act1_Battle1_low_Synths_142_4-4_L48-P0 (00000290CA45F128)
[LOG] SoundI::release                          :  (00000290717FD318)
[LOG] SoundI::release                          :     MUS_Act1_Battle1_high_Basses_142_4-4_L48-P0 (00000290CA45E908)
[LOG] SoundI::release                          :  (00000290717FC798)
[LOG] SoundI::release                          :     MUS_Act1_Battle1_low_Drums_142_4-4_L48-P0 (0000029071BBC8A8)
[LOG] SoundI::release                          :  (00000290717FDBB8)
[LOG] SoundI::release                          :     MUS_Act1_Battle1_high_Other_142_4-4_L48-P0 (0000029071BBC568)
[LOG] SoundI::release                          :  (00000290717FDD28)
[LOG] SoundI::release                          :     MUS_Act1_Battle1_high_Synths_142_4-4_L48-P0 (0000029071BBCBE8)
[LOG] SoundI::release                          :  (00000290717FC348)
[LOG] SoundI::release                          :     MUS_Act1_Battle1_high_Drums_142_4-4_L48-P0 (0000029071813908)
[LOG] SystemI::createSound                     : filename = FMOD/Build/Desktop/Master.bank : mode 02010082
[LOG] SystemI::createSound                     : FMOD_NONBLOCKING specified.  Putting into queue to be opened asynchronously!
[LOG] Thread::initThread                       : Init FMOD nonblocking thread (0). Affinity: 0x4000000000000003, Priority: 0xFFFF7FFC, Stack Size: 114688, Semaphore: Yes, Sleep Time: 0, Looping: Yes.
[LOG] SystemI::createSound                     : setdata soundi = 000002907163E038 : node = 00000290B0C31980
[LOG] SystemI::createSound                     : add node to async list : head = 00000291472C14D8.  list count = 0
[LOG] AsyncThread::threadFunc                  : Starting Asynchronous operation on sound 000002907163E038
[LOG] SystemI::createSoundInternal             :     Create name='FMOD/Build/Desktop/Master.bank', mode=0x02010082
[LOG] SystemI::createSoundInternal             :     exinfo->cbsize             = 224
[LOG] SystemI::createSoundInternal             :     exinfo->length             = 59170848
[LOG] SystemI::createSoundInternal             :     exinfo->fileoffset         = 91168
[LOG] SystemI::createSoundInternal             :     exinfo->numsubsounds       = 1
[LOG] SystemI::createSoundInternal             :     exinfo->inclusionlist      = 00000290B0C31A90
[LOG] SystemI::createSoundInternal             :     exinfo->inclusionlistnum   = 1
[LOG] SystemI::createSoundInternal             :     exinfo->suggestedsoundtype = 5
[LOG] SystemI::createSoundInternal             :     exinfo->initialseekpostype = 1
[LOG] SystemI::createSoundInternal             :     Stream 0/1: name='CyberSeraph_UpperBavelle_City', format=5, channels=2, frequency=48000, lengthbytes=6187968, lengthpcm=4867605, pcmblocksize=0, loopstart=0, loopend=0, mode=0x00000000, channelmask=0x00000000, channelorder=0, peakvolume=0.686090.
[LOG] Thread::initThread                       :     Init FMOD file thread. Affinity: 0x4000000000000003, Priority: 0xFFFF7FFC, Stack Size: 65536, Semaphore: No, Sleep Time: 10, Looping: Yes.
[LOG] AsyncThread::threadFunc                  : Finished Asynchronous operation on sound 000002907163E038
[LOG] SystemI::createSound                     : filename = FMOD/Build/Desktop/Master.bank : mode 02010082
[LOG] SystemI::createSound                     : FMOD_NONBLOCKING specified.  Putting into queue to be opened asynchronously!
[LOG] SystemI::createSound                     : setdata soundi = 00000290CC2D9FE8 : node = 00000290CA619E40
[LOG] SystemI::createSound                     : add node to async list : head = 00000291472C14D8.  list count = 0
[LOG] AsyncThread::threadFunc                  : Starting Asynchronous operation on sound 00000290CC2D9FE8
[LOG] SystemI::createSoundInternal             :     Create name='FMOD/Build/Desktop/Master.bank', mode=0x02010082
[LOG] SystemI::createSoundInternal             :     exinfo->cbsize             = 224
[LOG] SystemI::createSoundInternal             :     exinfo->length             = 59170848
[LOG] SystemI::createSoundInternal             :     exinfo->fileoffset         = 91168
[LOG] SystemI::createSoundInternal             :     exinfo->numsubsounds       = 1
[LOG] SystemI::createSoundInternal             :     exinfo->inclusionlist      = 00000290CA619F50
[LOG] SystemI::createSoundInternal             :     exinfo->inclusionlistnum   = 1
[LOG] SystemI::createSoundInternal             :     exinfo->suggestedsoundtype = 5
[LOG] SystemI::createSoundInternal             :     exinfo->initialseekposition = 13521
[LOG] SystemI::createSoundInternal             :     exinfo->initialseekpostype = 1
[LOG] SystemI::createSoundInternal             :     Stream 0/1: name='CyberSeraph_UpperBavelle_City', format=5, channels=2, frequency=48000, lengthbytes=6187968, lengthpcm=4867605, pcmblocksize=0, loopstart=0, loopend=0, mode=0x00000000, channelmask=0x00000000, channelorder=0, peakvolume=0.686090.
[LOG] AsyncThread::threadFunc                  : Finished Asynchronous operation on sound 00000290CC2D9FE8
[LOG] SoundI::release                          : CyberSeraph_UpperBavelle_City (000002907163E038)
[LOG] SoundI::release                          :     CyberSeraph_UpperBavelle_City (00000290DE2969C8)
[LOG] SoundI::release                          :     CyberSeraph_UpperBavelle_City (00000290CBE41C38)
[LOG] SoundI::release                          : CyberSeraph_UpperBavelle_City (00000290CC2D9FE8)
[LOG] SoundI::release                          :     CyberSeraph_UpperBavelle_City (00000290DE298708)
[LOG] SoundI::release                          :     CyberSeraph_UpperBavelle_City (00000290CBE42658)
[LOG] SystemI::createSoundInternal             : Create name='', mode=0x02000202
[LOG] SystemI::createSoundInternal             : exinfo->cbsize             = 224
[LOG] SystemI::createSoundInternal             : exinfo->length             = 59170848
[LOG] SystemI::createSoundInternal             : exinfo->fileoffset         = 91168
[LOG] SystemI::createSoundInternal             : exinfo->numsubsounds       = 1
[LOG] SystemI::createSoundInternal             : exinfo->inclusionlist      = 000000E5F09AF4F8
[LOG] SystemI::createSoundInternal             : exinfo->inclusionlistnum   = 1
[LOG] SystemI::createSoundInternal             : exinfo->suggestedsoundtype = 5
[LOG] SystemI::createSoundInternal             : exinfo->useropen           = 00007FFB62E433C0
[LOG] SystemI::createSoundInternal             : exinfo->userclose          = 00007FFB62E43380
[LOG] SystemI::createSoundInternal             : exinfo->userread           = 00007FFB62E434A0
[LOG] SystemI::createSoundInternal             : exinfo->userseek           = 00007FFB62E43560
[LOG] SystemI::createSoundInternal             : exinfo->fileuserdata       = 0000028F53C88888
[LOG] SystemI::createSoundInternal             : exinfo->initialseekpostype = 1
[LOG] SystemI::DSPCodecPoolRegister            : register codec pool for pool type 5
[LOG] SystemI::createSoundInternal             : Sample 0/1: name='MUS_Act1_Battle1_low_Basses_142_4-4_L48-P0', format=5, channels=2, frequency=48000, lengthbytes=3180160, lengthpcm=4218592, pcmblocksize=0, loopstart=0, loopend=0, mode=0x00000000, channelmask=0x00000000, channelorder=0, peakvolume=0.659375.
[LOG] SystemI::createSoundInternal             : Create name='', mode=0x02000202
[LOG] SystemI::createSoundInternal             : exinfo->cbsize             = 224
[LOG] SystemI::createSoundInternal             : exinfo->length             = 59170848
[LOG] SystemI::createSoundInternal             : exinfo->fileoffset         = 91168
[LOG] SystemI::createSoundInternal             : exinfo->numsubsounds       = 1
[LOG] SystemI::createSoundInternal             : exinfo->inclusionlist      = 000000E5F09AF4F8
[LOG] SystemI::createSoundInternal             : exinfo->inclusionlistnum   = 1
[LOG] SystemI::createSoundInternal             : exinfo->suggestedsoundtype = 5
[LOG] SystemI::createSoundInternal             : exinfo->useropen           = 00007FFB62E433C0
[LOG] SystemI::createSoundInternal             : exinfo->userclose          = 00007FFB62E43380
[LOG] SystemI::createSoundInternal             : exinfo->userread           = 00007FFB62E434A0
[LOG] SystemI::createSoundInternal             : exinfo->userseek           = 00007FFB62E43560
[LOG] SystemI::createSoundInternal             : exinfo->fileuserdata       = 0000028F53C88888
[LOG] SystemI::createSoundInternal             : exinfo->initialseekpostype = 1
[LOG] SystemI::DSPCodecPoolRegister            : register codec pool for pool type 5
[LOG] SystemI::createSoundInternal             : Sample 0/1: name='MUS_Act1_Battle1_low_Synths_142_4-4_L48-P0', format=5, channels=2, frequency=48000, lengthbytes=4674496, lengthpcm=4218592, pcmblocksize=0, loopstart=0, loopend=0, mode=0x00000000, channelmask=0x00000000, channelorder=0, peakvolume=0.876839.
[LOG] SystemI::createSoundInternal             : Create name='', mode=0x02000202
[LOG] SystemI::createSoundInternal             : exinfo->cbsize             = 224
[LOG] SystemI::createSoundInternal             : exinfo->length             = 59170848
[LOG] SystemI::createSoundInternal             : exinfo->fileoffset         = 91168
[LOG] SystemI::createSoundInternal             : exinfo->numsubsounds       = 1
[LOG] SystemI::createSoundInternal             : exinfo->inclusionlist      = 000000E5F09AF4F8
[LOG] SystemI::createSoundInternal             : exinfo->inclusionlistnum   = 1
[LOG] SystemI::createSoundInternal             : exinfo->suggestedsoundtype = 5
[LOG] SystemI::createSoundInternal             : exinfo->useropen           = 00007FFB62E433C0
[LOG] SystemI::createSoundInternal             : exinfo->userclose          = 00007FFB62E43380
[LOG] SystemI::createSoundInternal             : exinfo->userread           = 00007FFB62E434A0
[LOG] SystemI::createSoundInternal             : exinfo->userseek           = 00007FFB62E43560
[LOG] SystemI::createSoundInternal             : exinfo->fileuserdata       = 0000028F53C88888
[LOG] SystemI::createSoundInternal             : exinfo->initialseekpostype = 1
[LOG] SystemI::DSPCodecPoolRegister            : register codec pool for pool type 5
[LOG] SystemI::createSoundInternal             : Sample 0/1: name='MUS_Act1_Battle1_low_Other_142_4-4_L48-P0', format=5, channels=2, frequency=48000, lengthbytes=5053216, lengthpcm=4218592, pcmblocksize=0, loopstart=0, loopend=0, mode=0x00000000, channelmask=0x00000000, channelorder=0, peakvolume=0.430693.
[LOG] SystemI::createSoundInternal             : Create name='', mode=0x02000202
[LOG] SystemI::createSoundInternal             : exinfo->cbsize             = 224
[LOG] SystemI::createSoundInternal             : exinfo->length             = 59170848
[LOG] SystemI::createSoundInternal             : exinfo->fileoffset         = 91168
[LOG] SystemI::createSoundInternal             : exinfo->numsubsounds       = 1
[LOG] SystemI::createSoundInternal             : exinfo->inclusionlist      = 000000E5F09AF4F8
[LOG] SystemI::createSoundInternal             : exinfo->inclusionlistnum   = 1
[LOG] SystemI::createSoundInternal             : exinfo->suggestedsoundtype = 5
[LOG] SystemI::createSoundInternal             : exinfo->useropen           = 00007FFB62E433C0
[LOG] SystemI::createSoundInternal             : exinfo->userclose          = 00007FFB62E43380
[LOG] SystemI::createSoundInternal             : exinfo->userread           = 00007FFB62E434A0
[LOG] SystemI::createSoundInternal             : exinfo->userseek           = 00007FFB62E43560
[LOG] SystemI::createSoundInternal             : exinfo->fileuserdata       = 0000028F53C88888
[LOG] SystemI::createSoundInternal             : exinfo->initialseekpostype = 1
[LOG] SystemI::DSPCodecPoolRegister            : register codec pool for pool type 5
[LOG] SystemI::createSoundInternal             : Sample 0/1: name='MUS_Act1_Battle1_high_Basses_142_4-4_L48-P0', format=5, channels=2, frequency=48000, lengthbytes=4649024, lengthpcm=4218592, pcmblocksize=0, loopstart=0, loopend=0, mode=0x00000000, channelmask=0x00000000, channelorder=0, peakvolume=0.999885.
[LOG] SystemI::createSoundInternal             : Create name='', mode=0x02000202
[LOG] SystemI::createSoundInternal             : exinfo->cbsize             = 224
[LOG] SystemI::createSoundInternal             : exinfo->length             = 59170848
[LOG] SystemI::createSoundInternal             : exinfo->fileoffset         = 91168
[LOG] SystemI::createSoundInternal             : exinfo->numsubsounds       = 1
[LOG] SystemI::createSoundInternal             : exinfo->inclusionlist      = 000000E5F09AF4F8
[LOG] SystemI::createSoundInternal             : exinfo->inclusionlistnum   = 1
[LOG] SystemI::createSoundInternal             : exinfo->suggestedsoundtype = 5
[LOG] SystemI::createSoundInternal             : exinfo->useropen           = 00007FFB62E433C0
[LOG] SystemI::createSoundInternal             : exinfo->userclose          = 00007FFB62E43380
[LOG] SystemI::createSoundInternal             : exinfo->userread           = 00007FFB62E434A0
[LOG] SystemI::createSoundInternal             : exinfo->userseek           = 00007FFB62E43560
[LOG] SystemI::createSoundInternal             : exinfo->fileuserdata       = 0000028F53C88888
[LOG] SystemI::createSoundInternal             : exinfo->initialseekpostype = 1
[LOG] SystemI::DSPCodecPoolRegister            : register codec pool for pool type 5
[LOG] SystemI::createSoundInternal             : Sample 0/1: name='MUS_Act1_Battle1_high_Other_142_4-4_L48-P0', format=5, channels=2, frequency=48000, lengthbytes=5486592, lengthpcm=4218592, pcmblocksize=0, loopstart=0, loopend=0, mode=0x00000000, channelmask=0x00000000, channelorder=0, peakvolume=0.563351.
[LOG] SystemI::createSoundInternal             : Create name='', mode=0x02000202
[LOG] SystemI::createSoundInternal             : exinfo->cbsize             = 224
[LOG] SystemI::createSoundInternal             : exinfo->length             = 59170848
[LOG] SystemI::createSoundInternal             : exinfo->fileoffset         = 91168
[LOG] SystemI::createSoundInternal             : exinfo->numsubsounds       = 1
[LOG] SystemI::createSoundInternal             : exinfo->inclusionlist      = 000000E5F09AF4F8
[LOG] SystemI::createSoundInternal             : exinfo->inclusionlistnum   = 1
[LOG] SystemI::createSoundInternal             : exinfo->suggestedsoundtype = 5
[LOG] SystemI::createSoundInternal             : exinfo->useropen           = 00007FFB62E433C0
[LOG] SystemI::createSoundInternal             : exinfo->userclose          = 00007FFB62E43380
[LOG] SystemI::createSoundInternal             : exinfo->userread           = 00007FFB62E434A0
[LOG] SystemI::createSoundInternal             : exinfo->userseek           = 00007FFB62E43560
[LOG] SystemI::createSoundInternal             : exinfo->fileuserdata       = 0000028F53C88888
[LOG] SystemI::createSoundInternal             : exinfo->initialseekpostype = 1
[LOG] SystemI::DSPCodecPoolRegister            : register codec pool for pool type 5
[LOG] SystemI::createSoundInternal             : Sample 0/1: name='MUS_Act1_Battle1_low_Drums_142_4-4_L48-P0', format=5, channels=2, frequency=48000, lengthbytes=4958720, lengthpcm=4218592, pcmblocksize=0, loopstart=0, loopend=0, mode=0x00000000, channelmask=0x00000000, channelorder=0, peakvolume=0.999885.
[LOG] SystemI::createSoundInternal             : Create name='', mode=0x02000202
[LOG] SystemI::createSoundInternal             : exinfo->cbsize             = 224
[LOG] SystemI::createSoundInternal             : exinfo->length             = 59170848
[LOG] SystemI::createSoundInternal             : exinfo->fileoffset         = 91168
[LOG] SystemI::createSoundInternal             : exinfo->numsubsounds       = 1
[LOG] SystemI::createSoundInternal             : exinfo->inclusionlist      = 000000E5F09AF4F8
[LOG] SystemI::createSoundInternal             : exinfo->inclusionlistnum   = 1
[LOG] SystemI::createSoundInternal             : exinfo->suggestedsoundtype = 5
[LOG] SystemI::createSoundInternal             : exinfo->useropen           = 00007FFB62E433C0
[LOG] SystemI::createSoundInternal             : exinfo->userclose          = 00007FFB62E43380
[LOG] SystemI::createSoundInternal             : exinfo->userread           = 00007FFB62E434A0
[LOG] SystemI::createSoundInternal             : exinfo->userseek           = 00007FFB62E43560
[LOG] SystemI::createSoundInternal             : exinfo->fileuserdata       = 0000028F53C88888
[LOG] SystemI::createSoundInternal             : exinfo->initialseekpostype = 1
[LOG] SystemI::DSPCodecPoolRegister            : register codec pool for pool type 5
[LOG] SystemI::createSoundInternal             : Sample 0/1: name='MUS_Act1_Battle1_high_Synths_142_4-4_L48-P0', format=5, channels=2, frequency=48000, lengthbytes=4770560, lengthpcm=4218592, pcmblocksize=0, loopstart=0, loopend=0, mode=0x00000000, channelmask=0x00000000, channelorder=0, peakvolume=0.829614.
[LOG] SystemI::createSoundInternal             : Create name='', mode=0x02000202
[LOG] SystemI::createSoundInternal             : exinfo->cbsize             = 224
[LOG] SystemI::createSoundInternal             : exinfo->length             = 59170848
[LOG] SystemI::createSoundInternal             : exinfo->fileoffset         = 91168
[LOG] SystemI::createSoundInternal             : exinfo->numsubsounds       = 1
[LOG] SystemI::createSoundInternal             : exinfo->inclusionlist      = 000000E5F09AF4F8
[LOG] SystemI::createSoundInternal             : exinfo->inclusionlistnum   = 1
[LOG] SystemI::createSoundInternal             : exinfo->suggestedsoundtype = 5
[LOG] SystemI::createSoundInternal             : exinfo->useropen           = 00007FFB62E433C0
[LOG] SystemI::createSoundInternal             : exinfo->userclose          = 00007FFB62E43380
[LOG] SystemI::createSoundInternal             : exinfo->userread           = 00007FFB62E434A0
[LOG] SystemI::createSoundInternal             : exinfo->userseek           = 00007FFB62E43560
[LOG] SystemI::createSoundInternal             : exinfo->fileuserdata       = 0000028F53C88888
[LOG] SystemI::createSoundInternal             : exinfo->initialseekpostype = 1
[LOG] SystemI::DSPCodecPoolRegister            : register codec pool for pool type 5
[LOG] SystemI::createSoundInternal             : Sample 0/1: name='MUS_Act1_Battle1_high_Drums_142_4-4_L48-P0', format=5, channels=2, frequency=48000, lengthbytes=5312832, lengthpcm=4218592, pcmblocksize=0, loopstart=0, loopend=0, mode=0x00000000, channelmask=0x00000000, channelorder=0, peakvolume=0.999885.
[LOG] SoundI::release                          :  (00000290717FD318)
[LOG] SoundI::release                          :     MUS_Act1_Battle1_low_Basses_142_4-4_L48-P0 (00000290CA45F128)
[LOG] SoundI::release                          :  (00000290717FDBB8)
[LOG] SoundI::release                          :     MUS_Act1_Battle1_low_Other_142_4-4_L48-P0 (00000290CA45F2C8)
[LOG] SoundI::release                          :  (00000290717FD8D8)
[LOG] SoundI::release                          :     MUS_Act1_Battle1_low_Synths_142_4-4_L48-P0 (00000290CA45EC48)
[LOG] SoundI::release                          :  (00000290717FC348)
[LOG] SoundI::release                          :     MUS_Act1_Battle1_high_Basses_142_4-4_L48-P0 (00000290CA45EF88)
[LOG] SoundI::release                          :  (00000290717FBEF8)
[LOG] SoundI::release                          :     MUS_Act1_Battle1_low_Drums_142_4-4_L48-P0 (0000029071BBC568)
[LOG] SoundI::release                          :  (00000290717FDD28)
[LOG] SoundI::release                          :     MUS_Act1_Battle1_high_Other_142_4-4_L48-P0 (0000029071BBCD88)
[LOG] SoundI::release                          :  (00000290717FC1D8)
[LOG] SoundI::release                          :     MUS_Act1_Battle1_high_Synths_142_4-4_L48-P0 (0000029071BBC8A8)
[LOG] SoundI::release                          :  (00000290717FC798)
[LOG] SoundI::release                          :     MUS_Act1_Battle1_high_Drums_142_4-4_L48-P0 (00000290CA619D68)
[LOG] SystemI::createSoundInternal             : Create name='', mode=0x02000202
[LOG] SystemI::createSoundInternal             : exinfo->cbsize             = 224
[LOG] SystemI::createSoundInternal             : exinfo->length             = 59170848
[LOG] SystemI::createSoundInternal             : exinfo->fileoffset         = 91168
[LOG] SystemI::createSoundInternal             : exinfo->numsubsounds       = 1
[LOG] SystemI::createSoundInternal             : exinfo->inclusionlist      = 000000E5F09AF4F8
[LOG] SystemI::createSoundInternal             : exinfo->inclusionlistnum   = 1
[LOG] SystemI::createSoundInternal             : exinfo->suggestedsoundtype = 5
[LOG] SystemI::createSoundInternal             : exinfo->useropen           = 00007FFB62E433C0
[LOG] SystemI::createSoundInternal             : exinfo->userclose          = 00007FFB62E43380
[LOG] SystemI::createSoundInternal             : exinfo->userread           = 00007FFB62E434A0
[LOG] SystemI::createSoundInternal             : exinfo->userseek           = 00007FFB62E43560
[LOG] SystemI::createSoundInternal             : exinfo->fileuserdata       = 0000028F53C88888
[LOG] SystemI::createSoundInternal             : exinfo->initialseekpostype = 1
[LOG] SystemI::DSPCodecPoolRegister            : register codec pool for pool type 5
[LOG] SystemI::createSoundInternal             : Sample 0/1: name='MUS_Act1_Battle1_low_Basses_142_4-4_L48-P0', format=5, channels=2, frequency=48000, lengthbytes=3180160, lengthpcm=4218592, pcmblocksize=0, loopstart=0, loopend=0, mode=0x00000000, channelmask=0x00000000, channelorder=0, peakvolume=0.659375.
[LOG] SystemI::createSoundInternal             : Create name='', mode=0x02000202
[LOG] SystemI::createSoundInternal             : exinfo->cbsize             = 224
[LOG] SystemI::createSoundInternal             : exinfo->length             = 59170848
[LOG] SystemI::createSoundInternal             : exinfo->fileoffset         = 91168
[LOG] SystemI::createSoundInternal             : exinfo->numsubsounds       = 1
[LOG] SystemI::createSoundInternal             : exinfo->inclusionlist      = 000000E5F09AF4F8
[LOG] SystemI::createSoundInternal             : exinfo->inclusionlistnum   = 1
[LOG] SystemI::createSoundInternal             : exinfo->suggestedsoundtype = 5
[LOG] SystemI::createSoundInternal             : exinfo->useropen           = 00007FFB62E433C0
[LOG] SystemI::createSoundInternal             : exinfo->userclose          = 00007FFB62E43380
[LOG] SystemI::createSoundInternal             : exinfo->userread           = 00007FFB62E434A0
[LOG] SystemI::createSoundInternal             : exinfo->userseek           = 00007FFB62E43560
[LOG] SystemI::createSoundInternal             : exinfo->fileuserdata       = 0000028F53C88888
[LOG] SystemI::createSoundInternal             : exinfo->initialseekpostype = 1
[LOG] SystemI::DSPCodecPoolRegister            : register codec pool for pool type 5
[LOG] SystemI::createSoundInternal             : Sample 0/1: name='MUS_Act1_Battle1_low_Synths_142_4-4_L48-P0', format=5, channels=2, frequency=48000, lengthbytes=4674496, lengthpcm=4218592, pcmblocksize=0, loopstart=0, loopend=0, mode=0x00000000, channelmask=0x00000000, channelorder=0, peakvolume=0.876839.
[LOG] SystemI::createSoundInternal             : Create name='', mode=0x02000202
[LOG] SystemI::createSoundInternal             : exinfo->cbsize             = 224
[LOG] SystemI::createSoundInternal             : exinfo->length             = 59170848
[LOG] SystemI::createSoundInternal             : exinfo->fileoffset         = 91168
[LOG] SystemI::createSoundInternal             : exinfo->numsubsounds       = 1
[LOG] SystemI::createSoundInternal             : exinfo->inclusionlist      = 000000E5F09AF4F8
[LOG] SystemI::createSoundInternal             : exinfo->inclusionlistnum   = 1
[LOG] SystemI::createSoundInternal             : exinfo->suggestedsoundtype = 5
[LOG] SystemI::createSoundInternal             : exinfo->useropen           = 00007FFB62E433C0
[LOG] SystemI::createSoundInternal             : exinfo->userclose          = 00007FFB62E43380
[LOG] SystemI::createSoundInternal             : exinfo->userread           = 00007FFB62E434A0
[LOG] SystemI::createSoundInternal             : exinfo->userseek           = 00007FFB62E43560
[LOG] SystemI::createSoundInternal             : exinfo->fileuserdata       = 0000028F53C88888
[LOG] SystemI::createSoundInternal             : exinfo->initialseekpostype = 1
[LOG] SystemI::DSPCodecPoolRegister            : register codec pool for pool type 5
[LOG] SystemI::createSoundInternal             : Sample 0/1: name='MUS_Act1_Battle1_low_Other_142_4-4_L48-P0', format=5, channels=2, frequency=48000, lengthbytes=5053216, lengthpcm=4218592, pcmblocksize=0, loopstart=0, loopend=0, mode=0x00000000, channelmask=0x00000000, channelorder=0, peakvolume=0.430693.
[LOG] SystemI::createSoundInternal             : Create name='', mode=0x02000202
[LOG] SystemI::createSoundInternal             : exinfo->cbsize             = 224
[LOG] SystemI::createSoundInternal             : exinfo->length             = 59170848
[LOG] SystemI::createSoundInternal             : exinfo->fileoffset         = 91168
[LOG] SystemI::createSoundInternal             : exinfo->numsubsounds       = 1
[LOG] SystemI::createSoundInternal             : exinfo->inclusionlist      = 000000E5F09AF4F8
[LOG] SystemI::createSoundInternal             : exinfo->inclusionlistnum   = 1
[LOG] SystemI::createSoundInternal             : exinfo->suggestedsoundtype = 5
[LOG] SystemI::createSoundInternal             : exinfo->useropen           = 00007FFB62E433C0
[LOG] SystemI::createSoundInternal             : exinfo->userclose          = 00007FFB62E43380
[LOG] SystemI::createSoundInternal             : exinfo->userread           = 00007FFB62E434A0
[LOG] SystemI::createSoundInternal             : exinfo->userseek           = 00007FFB62E43560
[LOG] SystemI::createSoundInternal             : exinfo->fileuserdata       = 0000028F53C88888
[LOG] SystemI::createSoundInternal             : exinfo->initialseekpostype = 1
[LOG] SystemI::DSPCodecPoolRegister            : register codec pool for pool type 5
[LOG] SystemI::createSoundInternal             : Sample 0/1: name='MUS_Act1_Battle1_high_Basses_142_4-4_L48-P0', format=5, channels=2, frequency=48000, lengthbytes=4649024, lengthpcm=4218592, pcmblocksize=0, loopstart=0, loopend=0, mode=0x00000000, channelmask=0x00000000, channelorder=0, peakvolume=0.999885.
[LOG] SystemI::createSoundInternal             : Create name='', mode=0x02000202
[LOG] SystemI::createSoundInternal             : exinfo->cbsize             = 224
[LOG] SystemI::createSoundInternal             : exinfo->length             = 59170848
[LOG] SystemI::createSoundInternal             : exinfo->fileoffset         = 91168
[LOG] SystemI::createSoundInternal             : exinfo->numsubsounds       = 1
[LOG] SystemI::createSoundInternal             : exinfo->inclusionlist      = 000000E5F09AF4F8
[LOG] SystemI::createSoundInternal             : exinfo->inclusionlistnum   = 1
[LOG] SystemI::createSoundInternal             : exinfo->suggestedsoundtype = 5
[LOG] SystemI::createSoundInternal             : exinfo->useropen           = 00007FFB62E433C0
[LOG] SystemI::createSoundInternal             : exinfo->userclose          = 00007FFB62E43380
[LOG] SystemI::createSoundInternal             : exinfo->userread           = 00007FFB62E434A0
[LOG] SystemI::createSoundInternal             : exinfo->userseek           = 00007FFB62E43560
[LOG] SystemI::createSoundInternal             : exinfo->fileuserdata       = 0000028F53C88888
[LOG] SystemI::createSoundInternal             : exinfo->initialseekpostype = 1
[LOG] SystemI::DSPCodecPoolRegister            : register codec pool for pool type 5
[LOG] SystemI::createSoundInternal             : Sample 0/1: name='MUS_Act1_Battle1_high_Other_142_4-4_L48-P0', format=5, channels=2, frequency=48000, lengthbytes=5486592, lengthpcm=4218592, pcmblocksize=0, loopstart=0, loopend=0, mode=0x00000000, channelmask=0x00000000, channelorder=0, peakvolume=0.563351.
[LOG] SystemI::createSoundInternal             : Create name='', mode=0x02000202
[LOG] SystemI::createSoundInternal             : exinfo->cbsize             = 224
[LOG] SystemI::createSoundInternal             : exinfo->length             = 59170848
[LOG] SystemI::createSoundInternal             : exinfo->fileoffset         = 91168
[LOG] SystemI::createSoundInternal             : exinfo->numsubsounds       = 1
[LOG] SystemI::createSoundInternal             : exinfo->inclusionlist      = 000000E5F09AF4F8
[LOG] SystemI::createSoundInternal             : exinfo->inclusionlistnum   = 1
[LOG] SystemI::createSoundInternal             : exinfo->suggestedsoundtype = 5
[LOG] SystemI::createSoundInternal             : exinfo->useropen           = 00007FFB62E433C0
[LOG] SystemI::createSoundInternal             : exinfo->userclose          = 00007FFB62E43380
[LOG] SystemI::createSoundInternal             : exinfo->userread           = 00007FFB62E434A0
[LOG] SystemI::createSoundInternal             : exinfo->userseek           = 00007FFB62E43560
[LOG] SystemI::createSoundInternal             : exinfo->fileuserdata       = 0000028F53C88888
[LOG] SystemI::createSoundInternal             : exinfo->initialseekpostype = 1
[LOG] SystemI::DSPCodecPoolRegister            : register codec pool for pool type 5
[LOG] SystemI::createSoundInternal             : Sample 0/1: name='MUS_Act1_Battle1_low_Drums_142_4-4_L48-P0', format=5, channels=2, frequency=48000, lengthbytes=4958720, lengthpcm=4218592, pcmblocksize=0, loopstart=0, loopend=0, mode=0x00000000, channelmask=0x00000000, channelorder=0, peakvolume=0.999885.
[LOG] SystemI::createSoundInternal             : Create name='', mode=0x02000202
[LOG] SystemI::createSoundInternal             : exinfo->cbsize             = 224
[LOG] SystemI::createSoundInternal             : exinfo->length             = 59170848
[LOG] SystemI::createSoundInternal             : exinfo->fileoffset         = 91168
[LOG] SystemI::createSoundInternal             : exinfo->numsubsounds       = 1
[LOG] SystemI::createSoundInternal             : exinfo->inclusionlist      = 000000E5F09AF4F8
[LOG] SystemI::createSoundInternal             : exinfo->inclusionlistnum   = 1
[LOG] SystemI::createSoundInternal             : exinfo->suggestedsoundtype = 5
[LOG] SystemI::createSoundInternal             : exinfo->useropen           = 00007FFB62E433C0
[LOG] SystemI::createSoundInternal             : exinfo->userclose          = 00007FFB62E43380
[LOG] SystemI::createSoundInternal             : exinfo->userread           = 00007FFB62E434A0
[LOG] SystemI::createSoundInternal             : exinfo->userseek           = 00007FFB62E43560
[LOG] SystemI::createSoundInternal             : exinfo->fileuserdata       = 0000028F53C88888
[LOG] SystemI::createSoundInternal             : exinfo->initialseekpostype = 1
[LOG] SystemI::DSPCodecPoolRegister            : register codec pool for pool type 5
[LOG] SystemI::createSoundInternal             : Sample 0/1: name='MUS_Act1_Battle1_high_Synths_142_4-4_L48-P0', format=5, channels=2, frequency=48000, lengthbytes=4770560, lengthpcm=4218592, pcmblocksize=0, loopstart=0, loopend=0, mode=0x00000000, channelmask=0x00000000, channelorder=0, peakvolume=0.829614.
[LOG] SystemI::createSoundInternal             : Create name='', mode=0x02000202
[LOG] SystemI::createSoundInternal             : exinfo->cbsize             = 224
[LOG] SystemI::createSoundInternal             : exinfo->length             = 59170848
[LOG] SystemI::createSoundInternal             : exinfo->fileoffset         = 91168
[LOG] SystemI::createSoundInternal             : exinfo->numsubsounds       = 1
[LOG] SystemI::createSoundInternal             : exinfo->inclusionlist      = 000000E5F09AF4F8
[LOG] SystemI::createSoundInternal             : exinfo->inclusionlistnum   = 1
[LOG] SystemI::createSoundInternal             : exinfo->suggestedsoundtype = 5
[LOG] SystemI::createSoundInternal             : exinfo->useropen           = 00007FFB62E433C0
[LOG] SystemI::createSoundInternal             : exinfo->userclose          = 00007FFB62E43380
[LOG] SystemI::createSoundInternal             : exinfo->userread           = 00007FFB62E434A0
[LOG] SystemI::createSoundInternal             : exinfo->userseek           = 00007FFB62E43560
[LOG] SystemI::createSoundInternal             : exinfo->fileuserdata       = 0000028F53C88888
[LOG] SystemI::createSoundInternal             : exinfo->initialseekpostype = 1
[LOG] SystemI::DSPCodecPoolRegister            : register codec pool for pool type 5
[LOG] SystemI::createSoundInternal             : Sample 0/1: name='MUS_Act1_Battle1_high_Drums_142_4-4_L48-P0', format=5, channels=2, frequency=48000, lengthbytes=5312832, lengthpcm=4218592, pcmblocksize=0, loopstart=0, loopend=0, mode=0x00000000, channelmask=0x00000000, channelorder=0, peakvolume=0.999885.
[LOG] SoundI::release                          :  (00000290717FD8D8)
[LOG] SoundI::release                          :     MUS_Act1_Battle1_low_Basses_142_4-4_L48-P0 (00000290CA45F128)
[LOG] SoundI::release                          :  (00000290717FBEF8)
[LOG] SoundI::release                          :     MUS_Act1_Battle1_low_Other_142_4-4_L48-P0 (00000290CA45E768)
[LOG] SoundI::release                          :  (00000290717FD318)
[LOG] SoundI::release                          :     MUS_Act1_Battle1_low_Synths_142_4-4_L48-P0 (00000290CA45F468)
[LOG] SoundI::release                          :  (00000290717FCA78)
[LOG] SoundI::release                          :     MUS_Act1_Battle1_high_Basses_142_4-4_L48-P0 (00000290CA45EDE8)
[LOG] SoundI::release                          :  (00000290717FDBB8)
[LOG] SoundI::release                          :     MUS_Act1_Battle1_low_Drums_142_4-4_L48-P0 (0000029071BBC708)
[LOG] SoundI::release                          :  (00000290717FC798)
[LOG] SoundI::release                          :     MUS_Act1_Battle1_high_Other_142_4-4_L48-P0 (0000029071BBCBE8)
[LOG] SoundI::release                          :  (00000290717FDD28)
[LOG] SoundI::release                          :     MUS_Act1_Battle1_high_Synths_142_4-4_L48-P0 (0000029071BBC3C8)
[LOG] SoundI::release                          :  (00000290717FC1D8)
[LOG] SoundI::release                          :     MUS_Act1_Battle1_high_Drums_142_4-4_L48-P0 (00000290CA619068)
[LOG] SoundI::release                          :  (00000290717FC628)
[LOG] SoundI::release                          :     Level_Begin (0000029071BBC228)
[LOG] SoundI::release                          :  (00000290717FD768)
[LOG] SoundI::release                          :     Player_Dash_v1-001 (00000290B1702238)
[LOG] SoundI::release                          :  (00000290717FC068)
[LOG] SoundI::release                          :     Player_Dash_v1-002 (00000290B1702718)
[LOG] SoundI::release                          :  (00000290717FD488)
[LOG] SoundI::release                          :     Player_Dash_v1-003 (0000028FB8CD48E8)
[LOG] SoundI::release                          :  (0000028F537F6AF8)
[LOG] SoundI::release                          :     Skate_Spark (000002902AB6ED78)
[LOG] SoundI::release                          :  (0000028D64A4D3A8)
[LOG] SoundI::release                          :     Skate_Skate_Out (000002902AB6D038)
[LOG] SoundI::release                          :  (0000028D64A4C998)
[LOG] SoundI::release                          :     Skate_Loop (000002902AB6B498)
[LOG] SoundI::release                          :  (0000028FB8D90368)
[LOG] SoundI::release                          :     Alex_Motor Blip (000002902AB6A798)
[LOG] SoundI::release                          :  (0000028F570DCBB8)
[LOG] SoundI::release                          :     Alex_Motor Idle (000002902AB6F738)
[LOG] SoundI::release                          :  (00000290CC3FA1C8)
[LOG] SoundI::release                          :     MUS_Act1_Battle1_low_Basses_142_4-4_L48-P0 (000002906FFA9808)
[LOG] SoundI::release                          :  (00000290CC3F8DA8)
[LOG] SoundI::release                          :     MUS_Act1_Battle1_low_Other_142_4-4_L48-P0 (000002906FFA9668)
[LOG] SoundI::release                          :  (00000290CC3FB308)
[LOG] SoundI::release                          :     MUS_Act1_Battle1_low_Synths_142_4-4_L48-P0 (000002906FFA9328)
[LOG] SoundI::release                          :  (00000290CC3F91F8)
[LOG] SoundI::release                          :     MUS_Act1_Battle1_high_Basses_142_4-4_L48-P0 (0000029078495CF8)
[LOG] SoundI::release                          :  (00000290CC3F9A98)
[LOG] SoundI::release                          :     MUS_Act1_Battle1_low_Drums_142_4-4_L48-P0 (00000290784954D8)
[LOG] SoundI::release                          :  (00000290CC3F9928)
[LOG] SoundI::release                          :     MUS_Act1_Battle1_high_Other_142_4-4_L48-P0 (0000029078495338)
[LOG] SoundI::release                          :  (00000290CC3FA338)
[LOG] SoundI::release                          :     MUS_Act1_Battle1_high_Synths_142_4-4_L48-P0 (0000029078495B58)
[LOG] SoundI::release                          :  (00000290CC3FA8F8)
[LOG] SoundI::release                          :     MUS_Act1_Battle1_high_Drums_142_4-4_L48-P0 (0000028F5DEF4A48)
[LOG] SoundI::release                          :  (00000290CC3FA788)
[LOG] SoundI::release                          :     Level_Begin (0000029078495E98)
[LOG] SoundI::release                          :  (0000028FB8D8FF18)
[LOG] SoundI::release                          :     SlowMo_Enter (000002902AB6CE98)
[LOG] SoundI::release                          :  (0000028D64A4B858)
[LOG] SoundI::release                          :     SlowMo_LowEnergyExit (000002902AB69C38)
[LOG] SoundI::release                          :  (0000028F570DBEC8)
[LOG] SoundI::release                          :     SlowMo_LowEnergy (000002902AB6C678)
[LOG] SoundI::release                          :  (0000028F570DC8D8)
[LOG] SoundI::release                          :     SlowMo_Loop (000002902AB6BFF8)
[LOG] SoundI::release                          :  (00000290CC3F8398)
[LOG] SoundI::release                          :     Player_TakeDamage (00000290D58BBFD8)
[LOG] Thread::callback                         : FMOD Studio update thread finished.
[LOG] Thread::callback                         : FMOD Studio bank load thread finished.
[LOG] Profile::disconnectAll                   : Profiler disconnecting all clients
[LOG] Thread::callback                         : FMOD Studio sample load thread finished.
[LOG] LiveUpdate::release                      : 
[LOG] LiveUpdate::reset                        : Reset connection (reason Disconnected)
[LOG] Thread::callback                         : FMOD stream thread finished.
[LOG] Thread::callback                         : FMOD mixer thread finished.
[LOG] Profile::disconnectAll                   : Profiler disconnecting all clients
[LOG] SystemI::close                           : Closed.
[LOG] Thread::callback                         : FMOD Studio bank load thread finished.
[LOG] Thread::callback                         : FMOD Studio sample load thread finished.
[LOG] LiveUpdate::release                      : 
[LOG] LiveUpdate::reset                        : Reset connection (reason Disconnected)
[LOG] Thread::callback                         : FMOD stream thread finished.
[LOG] Thread::callback                         : FMOD mixer thread finished.
[LOG] SystemI::close                           : Closed.
[LOG] Thread::callback                         : FMOD nonblocking thread (0) finished.
[LOG] Thread::callback                         : FMOD file thread finished.
