
=== Fri Nov 11 14:07:56 2022

Packages were changed.
Update Mode: updateDependencies

The following packages were updated:
  com.unity.collab-proxy from version 1.9.0 to 1.17.2
  com.unity.ide.rider from version 2.0.7 to 3.0.15
  com.unity.ide.visualstudio from version 2.0.15 to 2.0.16
  com.unity.ide.vscode from version 1.2.3 to 1.2.5
  com.unity.recorder from version 2.5.5 to 2.5.7
  com.unity.render-pipelines.universal from version 10.6.0 to 10.10.0
  com.unity.test-framework from version 1.1.29 to 1.1.33
  com.unity.visualeffectgraph from version 10.6.0 to 10.10.0
  com.unity.xr.legacyinputhelpers from version 2.1.8 to 2.1.10

=== Fri Nov 18 12:59:53 2022

Packages were changed.
Update Mode: updateDependencies

The following packages were updated:
  com.unity.burst from version 1.4.11 to 1.6.6
  com.unity.cinemachine from version 2.5.0 to 2.8.9
  com.unity.collab-proxy from version 1.17.2 to 1.17.6
  com.unity.postprocessing from version 2.3.0 to 3.2.2
  com.unity.recorder from version 2.5.7 to 3.0.3
  com.unity.render-pipelines.universal from version 10.10.0 to 12.1.7
  com.unity.timeline from version 1.4.8 to 1.6.4
  com.unity.visualeffectgraph from version 10.10.0 to 12.1.7
The following packages were removed:
  com.unity.multiplayer-hlapi@1.0.6

=== Thu Jan 19 15:25:23 2023

Packages were changed.
Update Mode: updateDependencies

The following packages were updated:
  com.unity.ide.rider from version 3.0.15 to 3.0.16
  com.unity.render-pipelines.universal from version 12.1.7 to 12.1.8
  com.unity.visualeffectgraph from version 12.1.7 to 12.1.8
